# configure exec: ./configure 
# On Thu 11 May 12:20:02 AEST 2017
DBG: ccenv: WITH_CC:  --version failed: mklove/modules/configure.base: line 1114: --version: command not found
DBG: Check ccenv (WITH_CC, action cont (originally cont)) failed: command ' --version' failed:
mklove/modules/configure.base: line 1114: --version: command not found
DBG: cxxenv: WITH_CXX:  --version failed: mklove/modules/configure.base: line 1114: --version: command not found
DBG: Check cxxenv (WITH_CXX, action cont (originally cont)) failed: command ' --version' failed:
mklove/modules/configure.base: line 1114: --version: command not found
DBG: Compile check PIC (HAVE_PIC): gcc  -g -O2 -Wall -Werror -fPIC _mkltmpsPdpP4.c -o _mkltmpsPdpP4.c.o  
DBG: Compile check gnulib (WITH_GNULD): gcc  -g -O2 -fPIC -Wall -Werror -shared -Wl,-soname,mkltest.0 _mkltmpUSMk6R.c -o _mkltmpUSMk6R.c.o  
DBG: Compile check ldsflagvs (): gcc  -g -O2 -fPIC -Wall -Werror -shared -Wl,--version-script=_mkltmp6ijrsE _mkltmpvog9CX.c -o _mkltmpvog9CX.c.o  
DBG: Compile check __atomic_32 (HAVE_ATOMICS_32): gcc  -g -O2 -fPIC -Wall -Werror  _mkltmpkoLn7C.c -o _mkltmpkoLn7C.c.o  
DBG: Compile check __atomic_64 (HAVE_ATOMICS_64): gcc  -g -O2 -fPIC -Wall -Werror  _mkltmp2Q3B27.c -o _mkltmp2Q3B27.c.o  
DBG: Compile check socket (): gcc  -g -O2 -fPIC -Wall -Wsign-compare -Wfloat-equal -Wpointer-arith -Wall -Werror  _mkltmpItUwr8.c -o _mkltmpItUwr8.c.o  
DBG: pkg-config check libpthread (): pkg-config --short-errors --cflags libpthread
DBG: 'pkg-config --short-errors --cflags libpthread' failed: No package 'libpthread' found
DBG: Check libpthread_PKGCONFIG (, action cont (originally cont)) failed: 'pkg-config --short-errors --cflags libpthread' failed:
No package 'libpthread' found
DBG: Compile check libpthread (): gcc  -g -O2 -fPIC -Wall -Wsign-compare -Wfloat-equal -Wpointer-arith -Wall -Werror -lpthread _mkltmpA5Ng1k.c -o _mkltmpA5Ng1k.c.o  
DBG: pkg-config check zlib (): pkg-config --short-errors --cflags zlib
DBG: Compile check zlib (WITH_ZLIB): gcc  -g -O2 -fPIC -Wall -Wsign-compare -Wfloat-equal -Wpointer-arith -Wall -Werror -lz _mkltmpWN6xzh.c -o _mkltmpWN6xzh.c.o  
DBG: pkg-config check libcrypto (): pkg-config --short-errors --cflags libcrypto
DBG: Compile check libcrypto (): gcc  -g -O2 -fPIC -Wall -Wsign-compare -Wfloat-equal -Wpointer-arith -Wall -Werror -lcrypto _mkltmpvhlGt1.c -o _mkltmpvhlGt1.c.o  
DBG: pkg-config check liblz4 (): pkg-config --short-errors --cflags liblz4
DBG: 'pkg-config --short-errors --cflags liblz4' failed: No package 'liblz4' found
DBG: Check liblz4_PKGCONFIG (, action cont (originally cont)) failed: 'pkg-config --short-errors --cflags liblz4' failed:
No package 'liblz4' found
DBG: Compile check liblz4 (WITH_LZ4): gcc  -g -O2 -fPIC -Wall -Wsign-compare -Wfloat-equal -Wpointer-arith -Wall -Werror -llz4 _mkltmpsUwHJm.c -o _mkltmpsUwHJm.c.o  
DBG: compile check for liblz4 (WITH_LZ4) failed: gcc  -g -O2 -fPIC -Wall -Wsign-compare -Wfloat-equal -Wpointer-arith -Wall -Werror -llz4 _mkltmpsUwHJm.c -o _mkltmpsUwHJm.c.o  : _mkltmpsUwHJm.c:1:22: fatal error: lz4frame.h: No such file or directory
 #include <lz4frame.h>
                      ^
compilation terminated.
DBG: Check liblz4 (WITH_LZ4, action disable (originally disable)) failed: compile check failed:
CC: CC
flags: -llz4
gcc  -g -O2 -fPIC -Wall -Wsign-compare -Wfloat-equal -Wpointer-arith -Wall -Werror -llz4 _mkltmpsUwHJm.c -o _mkltmpsUwHJm.c.o  :
_mkltmpsUwHJm.c:1:22: fatal error: lz4frame.h: No such file or directory
 #include <lz4frame.h>
                      ^
compilation terminated.
source: #include <lz4frame.h>
DBG: pkg-config check libssl (): pkg-config --short-errors --cflags libssl
DBG: Compile check libssl (WITH_SSL): gcc  -g -O2 -fPIC -Wall -Wsign-compare -Wfloat-equal -Wpointer-arith -Wall -Werror -lssl _mkltmpN2Eu0C.c -o _mkltmpN2Eu0C.c.o  
DBG: pkg-config check libsasl2 (): pkg-config --short-errors --cflags libsasl2
DBG: Compile check libsasl2 (WITH_SASL): gcc  -g -O2 -fPIC -Wall -Wsign-compare -Wfloat-equal -Wpointer-arith -Wall -Werror -lsasl2 _mkltmpl4AXw3.c -o _mkltmpl4AXw3.c.o  
DBG: Compile check regex (HAVE_REGEX): gcc  -g -O2 -fPIC -Wall -Wsign-compare -Wfloat-equal -Wpointer-arith -Wall -Werror  _mkltmpDu2kUD.c -o _mkltmpDu2kUD.c.o  
DBG: pkg-config check librt (): pkg-config --short-errors --cflags librt
DBG: 'pkg-config --short-errors --cflags librt' failed: No package 'librt' found
DBG: Check librt_PKGCONFIG (, action cont (originally cont)) failed: 'pkg-config --short-errors --cflags librt' failed:
No package 'librt' found
DBG: Compile check librt (): gcc  -g -O2 -fPIC -Wall -Wsign-compare -Wfloat-equal -Wpointer-arith -Wall -Werror -lrt _mkltmpDS5S1x.c -o _mkltmpDS5S1x.c.o  
DBG: Compile check strndup (HAVE_STRNDUP): gcc  -g -O2 -fPIC -Wall -Wsign-compare -Wfloat-equal -Wpointer-arith -Wall -Werror  _mkltmpfPntVK.c -o _mkltmpfPntVK.c.o  
